1721840981654	addons.xpi	WARN	Not converting unknown addon type undefined

1721840981654	addons.xpi	WARN	Not converting unknown addon type undefined

1721840981654	addons.xpi	WARN	Not converting unknown addon type undefined

1721840981654	addons.xpi	WARN	Not converting unknown addon type undefined

1721840981654	addons.xpi	WARN	Not converting unknown addon type undefined

1721840981654	addons.xpi	WARN	Not converting unknown addon type undefined

1721840981654	addons.xpi	WARN	Not converting unknown addon type undefined

1721840981654	addons.xpi	WARN	Not converting unknown addon type undefined

1721840981657	addons.xpi	WARN	Checking /Applications/Zotero.app/Contents/Resources/distribution/extensions for addons

1721840981711	addons.xpi-utils	WARN	Add-on better-bibtex@iris-advies.com is not compatible with application version.

1721840981958	addons.xpi-utils	WARN	Add-on better-bibtex@iris-advies.com is not compatible with application version.

[JavaScript Error: "Error: Cannot find loader for bootstrap" {file: "resource://gre/modules/addons/XPIProvider.jsm" line: 1935}]

[JavaScript Error: "Error: Cannot find loader for bootstrap" {file: "resource://gre/modules/addons/XPIProvider.jsm" line: 1935}]

[JavaScript Error: "Error: Addon must include an id, version, and type" {file: "resource://gre/modules/addons/XPIProvider.jsm" line: 1723}]

[JavaScript Error: "Error: Addon must include an id, version, and type" {file: "resource://gre/modules/addons/XPIProvider.jsm" line: 1723}]

appName => Zotero, version => 7.0.0-beta.105+c5c613c82, os => macOS 14.5, locale => en-US, extensions => OpenH264 Video Codec provided by Cisco Systems, Inc. (null, plugin), Widevine Content Decryption Module provided by Google Inc. (null, plugin), ZotFile (5.1.2, extension, disabled), DOI Manager (1.4.2, extension, disabled), Mdnotes for Zotero (0.2.3, extension, disabled), Sci-Hub Plugin for Zotero (1.4.4, extension, disabled), Zutilo Utility for Zotero (3.10.0, extension, disabled), Better BibTex for Zotero (6.7.211, extension, disabled)

=========================================================

(4)(+0000000): PRAGMA foreign_keys = false

(3)(+0000000): HTTP GET resource://zotero/schema/userdata.sql

(3)(+0000000): HTTP GET resource://zotero/schema/userdata.sql succeeded with 200

(4)(+0000000): SELECT 1 FROM itemDataValues WHERE value=0 LIMIT 1

(4)(+0000001): Beginning DB transaction 8Q7oHut8

(3)(+0000000): HTTP GET resource://zotero/schema/system.sql

(3)(+0000002): HTTP GET resource://zotero/schema/system.sql succeeded with 200

(3)(+0000000): Updating custom tables

(4)(+0000001): PRAGMA foreign_keys

(4)(+0000000): SELECT COUNT(*) FROM sqlite_master WHERE type='table' AND tbl_name=? ['customItemTypes']

(4)(+0000000): DELETE FROM itemTypesCombined

(4)(+0000000): DELETE FROM fieldsCombined

(4)(+0000000): DELETE FROM itemTypeFieldsCombined

(4)(+0000001): DELETE FROM baseFieldMappingsCombined

(4)(+0000000): INSERT INTO itemTypesCombined SELECT itemTypeID, typeName, display, 0 AS custom FROM itemTypes UNION SELECT customItemTypeID + 10000 AS itemTypeID, typeName, display, 1 AS custom FROM customItemTypes

(4)(+0000000): INSERT INTO fieldsCombined SELECT fieldID, fieldName, NULL AS label, fieldFormatID, 0 AS custom FROM fields UNION SELECT customFieldID + 10000 AS fieldID, fieldName, label, NULL, 1 AS custom FROM customFields

(4)(+0000001): INSERT INTO itemTypeFieldsCombined SELECT itemTypeID, fieldID, hide, orderIndex FROM itemTypeFields UNION SELECT customItemTypeID + 10000 AS itemTypeID, COALESCE(fieldID, customFieldID + 10000) AS fieldID, hide, orderIndex FROM customItemTypeFields

(4)(+0000000): INSERT INTO baseFieldMappingsCombined SELECT itemTypeID, baseFieldID, fieldID FROM baseFieldMappings UNION SELECT customItemTypeID + 10000 AS itemTypeID, baseFieldID, customFieldID + 10000 AS fieldID FROM customBaseFieldMappings

(3)(+0000000): HTTP GET resource://zotero/schema/userdata.sql

(3)(+0000001): HTTP GET resource://zotero/schema/userdata.sql succeeded with 200

(3)(+0000000): Updating user data tables from version 122 to 123

(4)(+0000000): CREATE INDEX itemData_valueID ON itemData(valueID)

(4)(+0000023): REPLACE INTO version (schema,version) VALUES (?,?) ['userdata', 123]

(4)(+0000000): SELECT version FROM version WHERE schema='triggers'

(3)(+0000000): HTTP GET resource://zotero/schema/triggers.sql

(3)(+0000001): HTTP GET resource://zotero/schema/triggers.sql succeeded with 200

(3)(+0000000): Updating custom tables

(4)(+0000000): PRAGMA foreign_keys

(4)(+0000000): DELETE FROM itemTypesCombined

(4)(+0000000): DELETE FROM fieldsCombined

(4)(+0000001): DELETE FROM itemTypeFieldsCombined

(4)(+0000000): DELETE FROM baseFieldMappingsCombined

(4)(+0000000): INSERT INTO itemTypesCombined SELECT itemTypeID, typeName, display, 0 AS custom FROM itemTypes UNION SELECT customItemTypeID + 10000 AS itemTypeID, typeName, display, 1 AS custom FROM customItemTypes

(4)(+0000000): INSERT INTO fieldsCombined SELECT fieldID, fieldName, NULL AS label, fieldFormatID, 0 AS custom FROM fields UNION SELECT customFieldID + 10000 AS fieldID, fieldName, label, NULL, 1 AS custom FROM customFields

(4)(+0000000): INSERT INTO itemTypeFieldsCombined SELECT itemTypeID, fieldID, hide, orderIndex FROM itemTypeFields UNION SELECT customItemTypeID + 10000 AS itemTypeID, COALESCE(fieldID, customFieldID + 10000) AS fieldID, hide, orderIndex FROM customItemTypeFields

(4)(+0000001): INSERT INTO baseFieldMappingsCombined SELECT itemTypeID, baseFieldID, fieldID FROM baseFieldMappings UNION SELECT customItemTypeID + 10000 AS itemTypeID, baseFieldID, customFieldID + 10000 AS fieldID FROM customBaseFieldMappings

(4)(+0000001): Committed DB transaction 8Q7oHut8

(3)(+0000001): Checking database schema integrity

(4)(+0000000): SELECT COUNT(*) FROM fieldsCombined

(4)(+0000000): SELECT COUNT(*) FROM itemTypeFieldsCombined

(4)(+0000000): SELECT itemTypeID FROM itemTypes WHERE typeName='attachment'

(4)(+0000000): SELECT itemTypeID FROM itemTypes WHERE typeName='note'

(4)(+0000000): SELECT itemTypeID FROM itemTypes WHERE typeName='annotation'

(4)(+0000001): SELECT CASE type WHEN 'table' THEN 'table:' || tbl_name WHEN 'index' THEN 'index:' || name WHEN 'trigger' THEN 'trigger:' || name END FROM sqlite_master WHERE type IN ('table', 'index', 'trigger')

(3)(+0000000): HTTP GET resource://zotero/schema/userdata.sql

(3)(+0000001): HTTP GET resource://zotero/schema/userdata.sql succeeded with 200

(4)(+0000001): PRAGMA foreign_key_check

(3)(+0000042): Refreshing item box

(2)(+0000000): No item to refresh

(3)(+0000013): HTTP GET chrome://zotero/skin/feedAbstract.css

(3)(+0000005): HTTP GET chrome://zotero/skin/feedAbstract.css succeeded with 200

(4)(+0000073): SELECT COUNT(*) > 0 FROM items WHERE itemTypeID IS NULL

(4)(+0000000): SELECT COUNT(*) > 0 FROM itemAttachments JOIN items USING (itemID) WHERE itemTypeID != 2

(4)(+0000001): SELECT COUNT(*) > 0 FROM itemData WHERE fieldID NOT IN (SELECT fieldID FROM itemTypeFieldsCombined WHERE itemTypeID=(SELECT itemTypeID FROM items WHERE itemID=itemData.itemID))

(4)(+0000071): SELECT COUNT(*) > 0 FROM items WHERE itemTypeID=2 AND itemID NOT IN (SELECT itemID FROM itemAttachments)

(4)(+0000004): SELECT COUNT(*) > 0 FROM itemAttachments WHERE parentItemID IN (SELECT itemID FROM items WHERE itemTypeID=26) AND linkMode != 4

(4)(+0000024): SELECT COUNT(*) > 0 FROM itemAttachments WHERE parentItemID IN (SELECT itemID FROM items WHERE itemTypeID IN (2, 37))

(4)(+0000036): SELECT COUNT(*) > 0 FROM itemNotes WHERE parentItemID IN (SELECT itemID FROM items WHERE itemTypeID IN (26, 2, 37))

(4)(+0000001): SELECT COUNT(*) > 0 FROM creators WHERE firstName='' AND lastName=''

(4)(+0000005): SELECT COUNT(*) > 0 FROM fulltextItemWords WHERE itemID NOT IN (SELECT itemID FROM items WHERE itemTypeID=2)

(4)(+0000000): Registering notifier observer 'tab_KX' for [tab]

(4)(+0000429): SELECT COUNT(*) > 0 FROM fulltextItems WHERE itemID NOT IN (SELECT itemID FROM items WHERE itemTypeID=2)

(4)(+0000001): SELECT COUNT(*) > 0 FROM itemAttachments WHERE linkMode NOT IN (0,1,2,3,4)

(4)(+0000001): SELECT COUNT(*) > 0 FROM creators WHERE fieldMode = 1 AND firstName != ''

(4)(+0000000): SELECT COUNT(*) > 0 FROM settings WHERE setting='account' AND key='userID' AND TYPEOF(value)='text'

(4)(+0000001): SELECT collectionID, parentCollectionID FROM collections

(4)(+0000000): DELETE FROM settings WHERE setting='db' AND key='integrityCheck'

(4)(+0000067): Beginning DB transaction bX8EqPA8

(3)(+0000001): Updating global schema to version 30

(4)(+0000000): SELECT COALESCE(MAX(collectionID) + 1, 1) FROM collections

(4)(+0000000): SELECT COALESCE(MAX(creatorID) + 1, 1) FROM creators

(4)(+0000000): SELECT COALESCE(MAX(creatorTypeID) + 1, 1) FROM creatorTypes

(4)(+0000001): SELECT COALESCE(MAX(customFieldID) + 1, 1) FROM customFields

(4)(+0000000): SELECT COALESCE(MAX(customItemTypeID) + 1, 1) FROM customItemTypes

(4)(+0000001): SELECT COALESCE(MAX(fieldID) + 1, 1) FROM fields

(4)(+0000000): SELECT COALESCE(MAX(valueID) + 1, 1) FROM itemDataValues

(4)(+0000000): SELECT COALESCE(MAX(itemTypeID) + 1, 1) FROM itemTypes

(4)(+0000000): SELECT COALESCE(MAX(itemID) + 1, 1) FROM items

(4)(+0000001): SELECT COALESCE(MAX(libraryID) + 1, 1) FROM libraries

(4)(+0000000): SELECT COALESCE(MAX(proxyID) + 1, 1) FROM proxies

(4)(+0000000): SELECT COALESCE(MAX(savedSearchID) + 1, 1) FROM savedSearches

(4)(+0000000): SELECT COALESCE(MAX(tagID) + 1, 1) FROM tags

(4)(+0000000): SELECT itemTypeID AS id, typeName AS name FROM itemTypes

(4)(+0000001): SELECT fieldID AS id, fieldName AS name FROM fields

(4)(+0000000): SELECT creatorTypeID AS id, creatorType AS name FROM creatorTypes

(4)(+0000002): DELETE FROM itemTypeFields

(4)(+0000001): DELETE FROM baseFieldMappings

(4)(+0000004): DELETE FROM itemTypeCreatorTypes

(4)(+0000002): INSERT INTO itemTypeFields VALUES (1, 1, 0, 0), (1, 2, 0, 1), (1, 3, 0, 2), (1, 5, 0, 3), (1, 6, 0, 4), (1, 7, 0, 5), (1, 8, 0, 6), (1, 9, 0, 7), (1, 10, 0, 8), (1, 11, 0, 9), (1, 12, 0, 10), (1, 13, 0, 11), (1, 14, 0, 12), (1, 15, 0, 13), (1, 16, 0, 14), (2, 1, 0, 0), (2, 14, 0, 1), (2, 13, 0, 2), (3, 1, 0, 0), (3, 2, 0, 1), (3, 17, 0, 2), (3, 18, 0, 3), (3, 19, 0, 4), (3, 20, 0, 5), (3, 21, 0, 6), (3, 22, 0, 7), (3, 6, 0, 8), (3, 24, 0, 9), (3, 7, 0, 10), (3, 25, 0, 11), (3, 8, 0, 12), (3, 9, 0, 13), (3, 10, 0, 14), (3, 11, 0, 15), (3, 12, 0, 16), (3, 13, 0, 17), (3, 14, 0, 18), (3, 15, 0, 19), (3, 16, 0, 20), (4, 1, 0, 0), (4, 2, 0, 1), (4, 26, 0, 2), (4, 28, 0, 3), (4, 29, 0, 4), (4, 30, 0, 5), (4, 31, 0, 6), (4, 33, 0, 7), (4, 34, 0, 8), (4, 35, 0, 9), (4, 6, 0, 10), (4, 7, 0, 11), (4, 13, 0, 12), (4, 14, 0, 13), (4, 8, 0, 14), (4, 15, 0, 15), (4, 16, 0, 16), (5, 1, 0, 0), (5, 2, 0, 1), (5, 36, 0, 2), (5, 38, 0, 3), (5, 6, 0, 4), (5, 13, 0, 5), (5, 14, 0, 6), (5, 7, 0, 7), (5, 8, 0, 8), (5, 15, 0, 9), (5, 16, 0, 10), (6, 1, 0, 0), (6, 2, 0, 1), (6, 40, 0, 2), (6, 41, 0, 3), (6, 19, 0, 4), (6, 20, 0, 5), (6, 42, 0, 6), (6, 21, 0, 7), (6, 23, 0, 8), (6, 6, 0, 9), (6, 43, 0, 10), (6, 7, 0, 11), (6, 25, 0, 12), (6, 8, 0, 13), (6, 13, 0, 14), (6, 14, 0, 15), (6, 9, 0, 16), (6, 10, 0, 17), (6, 11, 0, 18), (6, 12, 0, 19), (6, 15, 0, 20), (6, 16, 0, 21), (7, 1, 0, 0), (7, 2, 0, 1), (7, 44, 0, 2), (7, 40, 0, 3), (7, 41, 0, 4), (7, 19, 0, 5), (7, 20, 0, 6), (7, 42, 0, 7), (7, 21, 0, 8), (7, 23, 0, 9), (7, 6, 0, 10), (7, 32, 0, 11), (7, 7, 0, 12), (7, 25, 0, 13), (7, 8, 0, 14), (7, 13, 0, 15), (7, 14, 0, 16), (7, 9, 0, 17), (7, 10, 0, 18), (7, 11, 0, 19), (7, 12, 0, 20), (7, 15, 0, 21), (7, 16, 0, 22), (8, 45, 0, 0), (8, 2, 0, 1), (8, 46, 0, 2), (8, 47, 0, 3), (8, 48, 0, 4), (8, 49, 0, 5), (8, 50, 0, 6), (8, 51, 0, 7), (8, 35, 0, 8), (8, 7, 0, 9), (8, 8, 0, 10), (8, 13, 0, 11), (8, 14, 0, 12), (8, 15, 0, 13), (8, 16, 0, 14), (9, 1, 0, 0), (9, 2, 0, 1), (9, 18, 0, 2), (9, 52, 0, 3), (9, 6, 0, 4), (9, 53, 0, 5), (9, 21, 0, 6), (9, 54, 0, 7), (9, 55, 0, 8), (9, 25, 0, 9), (9, 8, 0, 10), (9, 13, 0, 11), (9, 15, 0, 12), (9, 9, 0, 13), (9, 10, 0, 14), (9, 11, 0, 15), (9, 12, 0, 16), (9, 14, 0, 17), (9, 16, 0, 18), (10, 1, 0, 0), (10, 2, 0, 1), (10, 6, 0, 2), (10, 56, 0, 3), (10, 57, 0, 4), (10, 21, 0, 5), (10, 23, 0, 6), (10, 19, 0, 7), (10, 32, 0, 8), (10, 40, 0, 9), (10, 7, 0, 10), (10, 58, 0, 11), (10, 25, 0, 12), (10, 8, 0, 13), (10, 13, 0, 14), (10, 14, 0, 15), (10, 9, 0, 16), (10, 10, 0, 17), (10, 11, 0, 18), (10, 12, 0, 19), (10, 15, 0, 20), (10, 16, 0, 21), (39, 1, 0, 0), (39, 2, 0, 1), (39, 109, 0, 2), (39, 39, 0, 3), (39, 52, 0, 4), (39, 6, 0, 5), (39, 105, 0, 6), (39, 110, 0, 7), (39, 111, 0, 8), (39, 58, 0, 9), (39, 107, 0, 10), (39, 13, 0, 11), (39, 14, 0, 12), (39, 9, 0, 13), (39, 10, 0, 14), (39, 8, 0, 15), (39, 7, 0, 16), (39, 11, 0, 17), (39, 12, 0, 18), (39, 15, 0, 19), (39, 16, 0, 20), (11, 1, 0, 0), (11, 2, 0, 1), (11, 59, 0, 2), (11, 40, 0, 3), (11, 41, 0, 4), (11, 19, 0, 5), (11, 20, 0, 6), (11, 42, 0, 7), (11, 21, 0, 8), (11, 23, 0, 9), (11, 6, 0, 10), (11, 32, 0, 11), (11, 7, 0, 12), (11, 25, 0, 13), (11, 8, 0, 14), (11, 13, 0, 15), (11, 14, 0, 16), (11, 9, 0, 17), (11, 10, 0, 18), (11, 11, 0, 19), (11, 12, 0, 20), (11, 15, 0, 21), (11, 16, 0, 22), (12, 1, 0, 0), (12, 2, 0, 1), (12, 23, 0, 2), (12, 6, 0, 3), (12, 7, 0, 4), (12, 8, 0, 5), (12, 13, 0, 6), (12, 14, 0, 7), (12, 9, 0, 8), (12, 10, 0, 9), (12, 11, 0, 10), (12, 12, 0, 11), (12, 15, 0, 12), (12, 16, 0, 13), (13, 60, 0, 0), (13, 2, 0, 1), (13, 6, 0, 2), (13, 8, 0, 3), (13, 13, 0, 4), (13, 14, 0, 5), (13, 7, 0, 6), (13, 15, 0, 7), (13, 16, 0, 8), (14, 1, 0, 0), (14, 2, 0, 1), (14, 61, 0, 2), (14, 40, 0, 3), (14, 41, 0, 4), (14, 19, 0, 5), (14, 20, 0, 6), (14, 42, 0, 7), (14, 21, 0, 8), (14, 23, 0, 9), (14, 6, 0, 10), (14, 32, 0, 11), (14, 25, 0, 12), (14, 8, 0, 13), (14, 13, 0, 14), (14, 14, 0, 15), (14, 7, 0, 16), (14, 9, 0, 17), (14, 10, 0, 18), (14, 11, 0, 19), (14, 12, 0, 20), (14, 15, 0, 21), (14, 16, 0, 22), (15, 1, 0, 0), (15, 2, 0, 1), (15, 62, 0, 2), (15, 6, 0, 3), (15, 63, 0, 4), (15, 64, 0, 5), (15, 24, 0, 6), (15, 7, 0, 7), (15, 8, 0, 8), (15, 13, 0, 9), (15, 14, 0, 10), (15, 9, 0, 11), (15, 10, 0, 12), (15, 11, 0, 13), (15, 12, 0, 14), (15, 15, 0, 15), (15, 16, 0, 16), (16, 1, 0, 0), (16, 2, 0, 1), (16, 65, 0, 2), (16, 66, 0, 3), (16, 6, 0, 4), (16, 7, 0, 5), (16, 8, 0, 6), (16, 13, 0, 7), (16, 14, 0, 8), (16, 15, 0, 9), (16, 16, 0, 10), (17, 1, 0, 0), (17, 2, 0, 1), (17, 67, 0, 2), (17, 21, 0, 3), (17, 23, 0, 4), (17, 20, 0, 5), (17, 68, 0, 6), (17, 32, 0, 7), (17, 33, 0, 8), (17, 34, 0, 9), (17, 35, 0, 10), (17, 6, 0, 11), (17, 7, 0, 12), (17, 8, 0, 13), (17, 13, 0, 14), (17, 14, 0, 15), (17, 15, 0, 16), (17, 16, 0, 17), (18, 1, 0, 0), (18, 2, 0, 1), (18, 6, 0, 2), (18, 7, 0, 3), (18, 8, 0, 4), (18, 13, 0, 5), (18, 14, 0, 6), (18, 15, 0, 7), (18, 16, 0, 8), (19, 1, 0, 0), (19, 2, 0, 1), (19, 6, 0, 2), (19, 69, 0, 3), (19, 7, 0, 4), (19, 8, 0, 5), (19, 13, 0, 6), (19, 14, 0, 7), (19, 9, 0, 8), (19, 10, 0, 9), (19, 11, 0, 10), (19, 12, 0, 11), (19, 15, 0, 12), (19, 16, 0, 13), (20, 1, 0, 0), (20, 2, 0, 1), (20, 37, 0, 2), (20, 19, 0, 3), (20, 70, 0, 4), (20, 32, 0, 5), (20, 6, 0, 6), (20, 40, 0, 7), (20, 18, 0, 8), (20, 71, 0, 9), (20, 72, 0, 10), (20, 7, 0, 11), (20, 58, 0, 12), (20, 73, 0, 13), (20, 8, 0, 14), (20, 13, 0, 15), (20, 14, 0, 16), (20, 9, 0, 17), (20, 10, 0, 18), (20, 11, 0, 19), (20, 12, 0, 20), (20, 15, 0, 21), (20, 16, 0, 22), (21, 1, 0, 0), (21, 2, 0, 1), (21, 74, 0, 2), (21, 6, 0, 3), (21, 7, 0, 4), (21, 8, 0, 5), (21, 13, 0, 6), (21, 14, 0, 7), (21, 9, 0, 8), (21, 10, 0, 9), (21, 11, 0, 10), (21, 12, 0, 11), (21, 15, 0, 12), (21, 16, 0, 13), (22, 1, 0, 0), (22, 2, 0, 1), (22, 37, 0, 2), (22, 19, 0, 3), (22, 70, 0, 4), (22, 6, 0, 5), (22, 32, 0, 6), (22, 7, 0, 7), (22, 73, 0, 8), (22, 8, 0, 9), (22, 13, 0, 10), (22, 14, 0, 11), (22, 9, 0, 12), (22, 10, 0, 13), (22, 11, 0, 14), (22, 12, 0, 15), (22, 15, 0, 16), (22, 16, 0, 17), (23, 1, 0, 0), (23, 2, 0, 1), (23, 75, 0, 2), (23, 21, 0, 3), (23, 6, 0, 4), (23, 43, 0, 5), (23, 7, 0, 6), (23, 8, 0, 7), (23, 13, 0, 8), (23, 14, 0, 9), (23, 9, 0, 10), (23, 10, 0, 11), (23, 11, 0, 12), (23, 12, 0, 13), (23, 15, 0, 14), (23, 16, 0, 15), (24, 1, 0, 0), (24, 2, 0, 1), (24, 76, 0, 2), (24, 77, 0, 3), (24, 18, 0, 4), (24, 42, 0, 5), (24, 21, 0, 6), (24, 23, 0, 7), (24, 6, 0, 8), (24, 7, 0, 9), (24, 25, 0, 10), (24, 8, 0, 11), (24, 13, 0, 12), (24, 14, 0, 13), (24, 9, 0, 14), (24, 10, 0, 15), (24, 11, 0, 16), (24, 12, 0, 17), (24, 15, 0, 18), (24, 16, 0, 19), (25, 1, 0, 0), (25, 2, 0, 1), (25, 37, 0, 2), (25, 21, 0, 3), (25, 42, 0, 4), (25, 6, 0, 5), (25, 30, 0, 6), (25, 32, 0, 7), (25, 7, 0, 8), (25, 8, 0, 9), (25, 73, 0, 10), (25, 13, 0, 11), (25, 14, 0, 12), (25, 9, 0, 13), (25, 10, 0, 14), (25, 11, 0, 15), (25, 12, 0, 16), (25, 15, 0, 17), (25, 16, 0, 18), (27, 1, 0, 0), (27, 2, 0, 1), (27, 21, 0, 2), (27, 78, 0, 3), (27, 79, 0, 4), (27, 80, 0, 5), (27, 81, 0, 6), (27, 82, 0, 7), (27, 32, 0, 8), (27, 83, 0, 9), (27, 84, 0, 10), (27, 85, 0, 11), (27, 86, 0, 12), (27, 87, 0, 13), (27, 7, 0, 14), (27, 8, 0, 15), (27, 13, 0, 16), (27, 14, 0, 17), (27, 15, 0, 18), (27, 16, 0, 19), (28, 1, 0, 0), (28, 2, 0, 1), (28, 18, 0, 2), (28, 88, 0, 3), (28, 89, 0, 4), (28, 24, 0, 5), (28, 13, 0, 6), (28, 14, 0, 7), (28, 7, 0, 8), (28, 8, 0, 9), (28, 15, 0, 10), (28, 16, 0, 11), (38, 1, 0, 0), (38, 2, 0, 1), (38, 63, 0, 2), (38, 105, 0, 3), (38, 106, 0, 4), (38, 21, 0, 5), (38, 6, 0, 6), (38, 40, 0, 7), (38, 41, 0, 8), (38, 58, 0, 9), (38, 107, 0, 10), (38, 13, 0, 11), (38, 14, 0, 12), (38, 9, 0, 13), (38, 10, 0, 14), (38, 8, 0, 15), (38, 7, 0, 16), (38, 11, 0, 17), (38, 12, 0, 18), (38, 15, 0, 19), (38, 16, 0, 20), (29, 1, 0, 0), (29, 2, 0, 1), (29, 90, 0, 2), (29, 6, 0, 3), (29, 21, 0, 4), (29, 91, 0, 5), (29, 13, 0, 6), (29, 14, 0, 7), (29, 7, 0, 8), (29, 8, 0, 9), (29, 15, 0, 10), (29, 16, 0, 11), (30, 1, 0, 0), (30, 2, 0, 1), (30, 92, 0, 2), (30, 88, 0, 3), (30, 17, 0, 4), (30, 21, 0, 5), (30, 93, 0, 6), (30, 6, 0, 7), (30, 24, 0, 8), (30, 7, 0, 9), (30, 8, 0, 10), (30, 13, 0, 11), (30, 14, 0, 12), (30, 9, 0, 13), (30, 10, 0, 14), (30, 11, 0, 15), (30, 12, 0, 16), (30, 15, 0, 17), (30, 16, 0, 18), (31, 1, 0, 0), (31, 2, 0, 1), (31, 94, 0, 2), (31, 95, 0, 3), (31, 18, 0, 4), (31, 21, 0, 5), (31, 96, 0, 6), (31, 6, 0, 7), (31, 32, 0, 8), (31, 7, 0, 9), (31, 8, 0, 10), (31, 13, 0, 11), (31, 14, 0, 12), (31, 9, 0, 13), (31, 10, 0, 14), (31, 11, 0, 15), (31, 12, 0, 16), (31, 15, 0, 17), (31, 16, 0, 18), (40, 1, 0, 0), (40, 2, 0, 1), (40, 113, 0, 2), (40, 67, 0, 3), (40, 39, 0, 4), (40, 27, 0, 5), (40, 52, 0, 6), (40, 112, 0, 7), (40, 6, 0, 8), (40, 23, 0, 9), (40, 21, 0, 10), (40, 58, 0, 11), (40, 107, 0, 12), (40, 13, 0, 13), (40, 14, 0, 14), (40, 9, 0, 15), (40, 10, 0, 16), (40, 8, 0, 17), (40, 43, 0, 18), (40, 7, 0, 19), (40, 11, 0, 20), (40, 12, 0, 21), (40, 15, 0, 22), (40, 16, 0, 23), (32, 97, 0, 0), (32, 2, 0, 1), (32, 28, 0, 2), (32, 98, 0, 3), (32, 99, 0, 4), (32, 100, 0, 5), (32, 32, 0, 6), (32, 30, 0, 7), (32, 34, 0, 8), (32, 35, 0, 9), (32, 7, 0, 10), (32, 8, 0, 11), (32, 13, 0, 12), (32, 14, 0, 13), (32, 15, 0, 14), (32, 16, 0, 15), (33, 1, 0, 0), (33, 2, 0, 1), (33, 101, 0, 2), (33, 102, 0, 3), (33, 21, 0, 4), (33, 6, 0, 5), (33, 43, 0, 6), (33, 7, 0, 7), (33, 8, 0, 8), (33, 13, 0, 9), (33, 14, 0, 10), (33, 9, 0, 11), (33, 10, 0, 12), (33, 11, 0, 13), (33, 12, 0, 14), (33, 15, 0, 15), (33, 16, 0, 16), (34, 1, 0, 0), (34, 2, 0, 1), (34, 92, 0, 2), (34, 88, 0, 3), (34, 64, 0, 4), (34, 21, 0, 5), (34, 93, 0, 6), (34, 6, 0, 7), (34, 24, 0, 8), (34, 7, 0, 9), (34, 8, 0, 10), (34, 13, 0, 11), (34, 14, 0, 12), (34, 9, 0, 13), (34, 10, 0, 14), (34, 11, 0, 15), (34, 12, 0, 16), (34, 15, 0, 17), (34, 16, 0, 18), (35, 1, 0, 0), (35, 2, 0, 1), (35, 64, 0, 2), (35, 18, 0, 3), (35, 19, 0, 4), (35, 20, 0, 5), (35, 21, 0, 6), (35, 103, 0, 7), (35, 6, 0, 8), (35, 24, 0, 9), (35, 7, 0, 10), (35, 25, 0, 11), (35, 8, 0, 12), (35, 13, 0, 13), (35, 14, 0, 14), (35, 9, 0, 15), (35, 10, 0, 16), (35, 11, 0, 17), (35, 12, 0, 18), (35, 15, 0, 19), (35, 16, 0, 20), (36, 1, 0, 0), (36, 2, 0, 1), (36, 104, 0, 2), (36, 38, 0, 3), (36, 6, 0, 4), (36, 8, 0, 5), (36, 13, 0, 6), (36, 14, 0, 7), (36, 7, 0, 8), (36, 15, 0, 9), (36, 16, 0, 10)

(4)(+0000001): INSERT INTO baseFieldMappings VALUES (1, 4, 3), (3, 4, 17), (3, 23, 22), (4, 27, 26), (4, 19, 29), (4, 32, 31), (4, 108, 33), (5, 37, 36), (5, 39, 38), (7, 37, 44), (8, 1, 45), (8, 108, 46), (8, 6, 47), (8, 27, 48), (8, 19, 50), (8, 32, 51), (9, 23, 54), (10, 37, 56), (39, 27, 109), (39, 23, 105), (39, 21, 110), (39, 4, 111), (11, 37, 59), (13, 1, 60), (14, 37, 61), (15, 23, 62), (15, 39, 63), (15, 4, 64), (16, 37, 65), (16, 39, 66), (17, 27, 68), (17, 108, 33), (19, 4, 69), (21, 39, 74), (23, 39, 75), (24, 39, 76), (27, 108, 80), (27, 27, 81), (27, 6, 85), (27, 112, 87), (28, 27, 88), (28, 4, 89), (38, 39, 63), (38, 23, 105), (38, 27, 106), (29, 39, 90), (30, 37, 92), (30, 27, 88), (30, 4, 17), (30, 23, 93), (31, 27, 94), (31, 39, 95), (31, 23, 96), (40, 108, 113), (32, 1, 97), (32, 27, 99), (32, 6, 100), (33, 39, 101), (33, 23, 102), (34, 37, 92), (34, 27, 88), (34, 4, 64), (34, 23, 93), (35, 4, 64), (35, 23, 103), (36, 37, 104), (36, 39, 38)

(4)(+0000000): INSERT INTO itemTypeCreatorTypes VALUES (1, 1, 1), (1, 2, 0), (3, 3, 1), (3, 2, 0), (3, 4, 0), (3, 5, 0), (4, 6, 1), (4, 7, 0), (4, 2, 0), (5, 8, 1), (5, 9, 0), (5, 2, 0), (6, 8, 1), (6, 2, 0), (6, 10, 0), (6, 11, 0), (6, 12, 0), (7, 8, 1), (7, 2, 0), (7, 10, 0), (7, 13, 0), (7, 11, 0), (7, 12, 0), (8, 8, 1), (8, 14, 0), (8, 2, 0), (9, 15, 1), (9, 2, 0), (10, 8, 1), (10, 2, 0), (10, 10, 0), (10, 11, 0), (10, 12, 0), (39, 8, 1), (39, 2, 0), (11, 8, 1), (11, 2, 0), (11, 10, 0), (11, 11, 0), (11, 12, 0), (12, 8, 1), (12, 2, 0), (12, 10, 0), (12, 11, 0), (12, 16, 0), (13, 8, 1), (13, 2, 0), (13, 17, 0), (14, 8, 1), (14, 2, 0), (14, 10, 0), (14, 11, 0), (14, 12, 0), (15, 18, 1), (15, 2, 0), (15, 19, 0), (15, 20, 0), (16, 8, 1), (16, 2, 0), (17, 2, 1), (18, 8, 1), (18, 2, 0), (18, 17, 0), (19, 21, 1), (19, 2, 0), (19, 22, 0), (19, 11, 0), (20, 8, 1), (20, 2, 0), (20, 10, 0), (20, 11, 0), (20, 16, 0), (21, 8, 1), (21, 2, 0), (21, 17, 0), (22, 8, 1), (22, 2, 0), (22, 11, 0), (22, 16, 0), (23, 8, 1), (23, 2, 0), (23, 11, 0), (24, 23, 1), (24, 2, 0), (24, 12, 0), (25, 8, 1), (25, 2, 0), (25, 11, 0), (25, 16, 0), (27, 24, 1), (27, 25, 0), (27, 2, 0), (28, 26, 1), (28, 2, 0), (28, 27, 0), (38, 8, 1), (38, 2, 0), (38, 10, 0), (38, 11, 0), (38, 16, 0), (29, 28, 1), (29, 2, 0), (30, 18, 1), (30, 19, 0), (30, 20, 0), (30, 29, 0), (30, 2, 0), (30, 27, 0), (31, 8, 1), (31, 2, 0), (31, 11, 0), (31, 12, 0), (40, 8, 1), (40, 2, 0), (32, 8, 1), (32, 2, 0), (33, 8, 1), (33, 2, 0), (34, 18, 1), (34, 19, 0), (34, 20, 0), (34, 29, 0), (34, 2, 0), (34, 27, 0), (35, 18, 1), (35, 19, 0), (35, 20, 0), (35, 29, 0), (35, 2, 0), (36, 8, 1), (36, 2, 0), (36, 11, 0)

(4)(+0000030): REPLACE INTO settings VALUES ('globalSchema', 'data', :data)

(4)(+0000016): REPLACE INTO version (schema,version) VALUES (?,?) ['globalSchema', 30]

(3)(+0000002): HTTP GET resource://zotero/schema/global/schema.json

(3)(+0000025): HTTP GET resource://zotero/schema/global/schema.json succeeded with 200

(3)(+0000002): Updating custom tables

(4)(+0000000): PRAGMA foreign_keys

(4)(+0000000): DELETE FROM itemTypesCombined

(4)(+0000000): DELETE FROM fieldsCombined

(4)(+0000000): DELETE FROM itemTypeFieldsCombined

(4)(+0000001): DELETE FROM baseFieldMappingsCombined

(4)(+0000000): INSERT INTO itemTypesCombined SELECT itemTypeID, typeName, display, 0 AS custom FROM itemTypes UNION SELECT customItemTypeID + 10000 AS itemTypeID, typeName, display, 1 AS custom FROM customItemTypes

(4)(+0000000): INSERT INTO fieldsCombined SELECT fieldID, fieldName, NULL AS label, fieldFormatID, 0 AS custom FROM fields UNION SELECT customFieldID + 10000 AS fieldID, fieldName, label, NULL, 1 AS custom FROM customFields

(4)(+0000000): INSERT INTO itemTypeFieldsCombined SELECT itemTypeID, fieldID, hide, orderIndex FROM itemTypeFields UNION SELECT customItemTypeID + 10000 AS itemTypeID, COALESCE(fieldID, customFieldID + 10000) AS fieldID, hide, orderIndex FROM customItemTypeFields

(4)(+0000001): INSERT INTO baseFieldMappingsCombined SELECT itemTypeID, baseFieldID, fieldID FROM baseFieldMappings UNION SELECT customItemTypeID + 10000 AS itemTypeID, baseFieldID, customFieldID + 10000 AS fieldID FROM customBaseFieldMappings

(4)(+0000000): SELECT itemTypeID AS id, typeName AS name, custom FROM itemTypesCombined

(4)(+0000000): SELECT itemTypeID AS id, typeName AS name, custom FROM itemTypesCombined WHERE typeName IN ('webpage', 'attachment', 'note', 'annotation')

(4)(+0000000): SELECT customItemTypeID AS id, label, icon FROM customItemTypes

(4)(+0000001): SELECT * FROM fieldFormats

(4)(+0000000): SELECT * FROM fieldsCombined

(4)(+0000000): SELECT fieldID, itemTypeID FROM itemTypeFieldsCombined

(4)(+0000003): SELECT DISTINCT baseFieldID FROM baseFieldMappingsCombined

(4)(+0000001): SELECT IT.itemTypeID, F.fieldID AS baseFieldID, BFM.fieldID FROM itemTypesCombined IT LEFT JOIN fieldsCombined F LEFT JOIN baseFieldMappingsCombined BFM ON (IT.itemTypeID=BFM.itemTypeID AND F.fieldID=BFM.baseFieldID)

(4)(+0000007): SELECT DISTINCT baseFieldID FROM baseFieldMappingsCombined

(4)(+0000013): SELECT itemTypeID, baseFieldID, fieldID, fieldName FROM baseFieldMappingsCombined JOIN fieldsCombined USING (fieldID)

(4)(+0000002): SELECT DISTINCT fieldID FROM baseFieldMappingsCombined

(4)(+0000000): SELECT itemTypeID, fieldID FROM itemTypeFieldsCombined ORDER BY orderIndex

(4)(+0000002): SELECT creatorTypeID AS id, creatorType AS name FROM creatorTypes

(4)(+0000000): SELECT itemTypeID, creatorTypeID AS id, creatorType AS name, primaryField FROM itemTypeCreatorTypes NATURAL JOIN creatorTypes

(4)(+0000002): SELECT itemTypeID, creatorTypeID FROM itemTypeCreatorTypes WHERE primaryField=1

(4)(+0000000): SELECT fieldName FROM fieldsCombined WHERE fieldName NOT IN ('accessDate', 'date', 'pages', 'section','seriesNumber','issue')

(1)(+0000001): Unknown item type 'nsfReviewer'

(1)(+0000000): Unknown item type 'nsfReviewer'

(4)(+0000001): REPLACE INTO settings VALUES ('globalSchema', 'migrateExtra', 1)

(4)(+0000001): Committed DB transaction bX8EqPA8

(4)(+0000001): PRAGMA foreign_keys = true